<?xml version="1.0" encoding="UTF-8"?>
<testsuite name="MoneyTest" tests="4" skipped="0" failures="0" errors="0" timestamp="2015-11-28T14:19:07" hostname="sykim-MacBook-Pro.local" time="0.005">
  <properties/>
  <testcase name="testMultiplication" classname="MoneyTest" time="0.002"/>
  <testcase name="testFrancMultiplication" classname="MoneyTest" time="0.003"/>
  <testcase name="testEquality" classname="MoneyTest" time="0.0"/>
  <testcase name="testSample" classname="MoneyTest" time="0.0"/>
  <system-out><![CDATA[]]></system-out>
  <system-err><![CDATA[]]></system-err>
</testsuite>
