<?xml version="1.0" encoding="UTF-8"?>
<testsuite name="MoneyTest" tests="3" skipped="0" failures="0" errors="0" timestamp="2015-12-04T13:15:32" hostname="sykim-MacBook-Pro.local" time="0.004">
  <properties/>
  <testcase name="testMultiplication" classname="MoneyTest" time="0.002"/>
  <testcase name="testCurrency" classname="MoneyTest" time="0.001"/>
  <testcase name="testEquality" classname="MoneyTest" time="0.0"/>
  <system-out><![CDATA[]]></system-out>
  <system-err><![CDATA[]]></system-err>
</testsuite>
