<?xml version="1.0" encoding="UTF-8"?>
<testsuite name="MoneyTest" tests="3" skipped="0" failures="0" errors="0" timestamp="2015-11-28T13:41:36" hostname="sykim-MacBook-Pro.local" time="0.003">
  <properties/>
  <testcase name="testMultiplication" classname="MoneyTest" time="0.002"/>
  <testcase name="testEquality" classname="MoneyTest" time="0.001"/>
  <testcase name="testSample" classname="MoneyTest" time="0.0"/>
  <system-out><![CDATA[]]></system-out>
  <system-err><![CDATA[]]></system-err>
</testsuite>
