<?xml version="1.0" encoding="UTF-8"?>
<testsuite name="MoneyTest" tests="5" skipped="0" failures="0" errors="0" timestamp="2015-12-03T07:28:21" hostname="sykim-MacBook-Pro.local" time="0.005">
  <properties/>
  <testcase name="testMultiplication" classname="MoneyTest" time="0.003"/>
  <testcase name="testDifferentClassEquality" classname="MoneyTest" time="0.0"/>
  <testcase name="testFrancMultiplication" classname="MoneyTest" time="0.0"/>
  <testcase name="testCurrency" classname="MoneyTest" time="0.0"/>
  <testcase name="testEquality" classname="MoneyTest" time="0.0"/>
  <system-out><![CDATA[]]></system-out>
  <system-err><![CDATA[]]></system-err>
</testsuite>
